[I 19:40:37.870 NotebookApp] Serving notebooks from local directory: /home/users/zg78/ece661_final
[I 19:40:37.870 NotebookApp] Jupyter Notebook 6.4.3 is running at:
[I 19:40:37.870 NotebookApp] http://linux51:8886/?token=ce6f817af93569e670e60d0c7ba701fb44f5531ddcbf2a25
[I 19:40:37.870 NotebookApp]  or http://127.0.0.1:8886/?token=ce6f817af93569e670e60d0c7ba701fb44f5531ddcbf2a25
[I 19:40:37.870 NotebookApp] Use Control-C to stop this server and shut down all kernels (twice to skip confirmation).
[C 19:40:37.890 NotebookApp] 
    
    To access the notebook, open this file in a browser:
        file:///home/users/zg78/.local/share/jupyter/runtime/nbserver-7858-open.html
    Or copy and paste one of these URLs:
        http://linux51:8886/?token=ce6f817af93569e670e60d0c7ba701fb44f5531ddcbf2a25
     or http://127.0.0.1:8886/?token=ce6f817af93569e670e60d0c7ba701fb44f5531ddcbf2a25
[I 19:41:13.398 NotebookApp] 302 GET / (152.3.140.46) 0.940000ms
/home/users/zg78/_conda/envs/base_torch/lib/python3.6/json/encoder.py:257: UserWarning: date_default is deprecated since jupyter_client 7.0.0. Use jupyter_client.jsonutil.json_default.
  return _iterencode(o, 0)
[W 19:41:30.566 NotebookApp] Notebook simclr/simclr_base.ipynb is not trusted
/home/users/zg78/_conda/envs/base_torch/lib/python3.6/json/encoder.py:257: UserWarning: date_default is deprecated since jupyter_client 7.0.0. Use jupyter_client.jsonutil.json_default.
  return _iterencode(o, 0)
[I 19:41:31.022 NotebookApp] Kernel started: 28c7b224-0876-4fec-b856-e657f695b0aa, name: python3
ERROR:asyncio:Exception in callback <TaskStepMethWrapper object at 0x7f8fd76349b0>()
handle: <Handle <TaskStepMethWrapper object at 0x7f8fd76349b0>()>
Traceback (most recent call last):
  File "/home/users/zg78/_conda/envs/base_torch/lib/python3.6/asyncio/events.py", line 145, in _run
    self._callback(*self._args)
KeyError: <_UnixSelectorEventLoop running=True closed=False debug=False>
[I 19:43:30.989 NotebookApp] Saving file at /simclr/simclr_base.ipynb
[I 19:45:30.989 NotebookApp] Saving file at /simclr/simclr_base.ipynb
[I 19:51:31.019 NotebookApp] Saving file at /simclr/simclr_base.ipynb
[I 19:53:30.953 NotebookApp] Saving file at /simclr/simclr_base.ipynb
[I 19:53:53.254 NotebookApp] Saving file at /simclr/simclr_base.ipynb
[I 19:55:30.980 NotebookApp] Saving file at /simclr/simclr_base.ipynb
[I 19:57:30.982 NotebookApp] Saving file at /simclr/simclr_base.ipynb
[I 19:58:35.817 NotebookApp] Kernel interrupted: 28c7b224-0876-4fec-b856-e657f695b0aa
[I 19:58:35.956 NotebookApp] Kernel interrupted: 28c7b224-0876-4fec-b856-e657f695b0aa
[I 19:59:31.221 NotebookApp] Saving file at /simclr/simclr_base.ipynb
[I 20:01:30.973 NotebookApp] Saving file at /simclr/simclr_base.ipynb
[I 20:03:30.965 NotebookApp] Saving file at /simclr/simclr_base.ipynb
[I 20:05:31.210 NotebookApp] Saving file at /simclr/simclr_base.ipynb
